PREHOOK: query: -- -*- mode:sql -*-

DROP TABLE IF EXISTS hbase_bulk
PREHOOK: type: DROPTABLE
POSTHOOK: query: -- -*- mode:sql -*-

DROP TABLE IF EXISTS hbase_bulk
POSTHOOK: type: DROPTABLE
PREHOOK: query: CREATE TABLE hbase_bulk (key INT, value STRING)
STORED BY 'org.apache.hadoop.hive.hbase.HBaseStorageHandler'
WITH SERDEPROPERTIES ('hbase.columns.mapping' = ':key,cf:string')
PREHOOK: type: CREATETABLE
POSTHOOK: query: CREATE TABLE hbase_bulk (key INT, value STRING)
STORED BY 'org.apache.hadoop.hive.hbase.HBaseStorageHandler'
WITH SERDEPROPERTIES ('hbase.columns.mapping' = ':key,cf:string')
POSTHOOK: type: CREATETABLE
POSTHOOK: Output: default@hbase_bulk
PREHOOK: query: INSERT OVERWRITE TABLE hbase_bulk SELECT * FROM src
PREHOOK: type: QUERY
PREHOOK: Input: default@src
PREHOOK: Output: default@hbase_bulk
POSTHOOK: query: INSERT OVERWRITE TABLE hbase_bulk SELECT * FROM src
POSTHOOK: type: QUERY
POSTHOOK: Input: default@src
POSTHOOK: Output: default@hbase_bulk
PREHOOK: query: EXPLAIN INSERT OVERWRITE TABLE hbase_bulk SELECT * FROM src CLUSTER BY key
PREHOOK: type: QUERY
POSTHOOK: query: EXPLAIN INSERT OVERWRITE TABLE hbase_bulk SELECT * FROM src CLUSTER BY key
POSTHOOK: type: QUERY
STAGE DEPENDENCIES:
  Stage-1 is a root stage
  Stage-0 depends on stages: Stage-1
  Stage-2 depends on stages: Stage-0

STAGE PLANS:
  Stage: Stage-1
    Map Reduce
      Map Operator Tree:
          TableScan
            alias: src
            Statistics: Num rows: 29 Data size: 5812 Basic stats: COMPLETE Column stats: NONE
            Select Operator
              expressions: key (type: string), value (type: string)
              outputColumnNames: _col0, _col1
              Statistics: Num rows: 29 Data size: 5812 Basic stats: COMPLETE Column stats: NONE
              Reduce Output Operator
                key expressions: _col0 (type: string)
                sort order: +
                Map-reduce partition columns: _col0 (type: string)
                Statistics: Num rows: 29 Data size: 5812 Basic stats: COMPLETE Column stats: NONE
                value expressions: _col0 (type: string), _col1 (type: string)
      Reduce Operator Tree:
        Extract
          Statistics: Num rows: 29 Data size: 5812 Basic stats: COMPLETE Column stats: NONE
          Select Operator
            expressions: UDFToInteger(_col0) (type: int), _col1 (type: string)
            outputColumnNames: _col0, _col1
            Statistics: Num rows: 29 Data size: 5812 Basic stats: COMPLETE Column stats: NONE
            File Output Operator
              compressed: false
              Statistics: Num rows: 29 Data size: 5812 Basic stats: COMPLETE Column stats: NONE
              table:
                  input format: org.apache.hadoop.hive.hbase.HiveHBaseTableInputFormat
                  output format: org.apache.hadoop.hive.hbase.HiveHFileOutputFormat
                  serde: org.apache.hadoop.hive.hbase.HBaseSerDe
                  name: default.hbase_bulk

  Stage: Stage-0
    Move Operator
      HBase completeBulkLoad:
          table:
              input format: org.apache.hadoop.hive.hbase.HiveHBaseTableInputFormat
              output format: org.apache.hadoop.hive.hbase.HiveHFileOutputFormat
              serde: org.apache.hadoop.hive.hbase.HBaseSerDe
              name: default.hbase_bulk

  Stage: Stage-2
    Stats-Aggr Operator

